mode: set
github.com/agnynureza/homework-rakamin-golang-sql/services/movies.go:12.79,16.2 1 1
github.com/agnynureza/homework-rakamin-golang-sql/services/movies.go:25.86,27.16 2 1
github.com/agnynureza/homework-rakamin-golang-sql/services/movies.go:30.2,32.19 2 1
github.com/agnynureza/homework-rakamin-golang-sql/services/movies.go:27.16,29.3 1 1
github.com/agnynureza/homework-rakamin-golang-sql/services/movies.go:35.70,37.16 2 1
github.com/agnynureza/homework-rakamin-golang-sql/services/movies.go:41.2,41.19 1 1
github.com/agnynureza/homework-rakamin-golang-sql/services/movies.go:37.16,39.3 1 1
github.com/agnynureza/homework-rakamin-golang-sql/services/movies.go:44.107,47.16 2 1
github.com/agnynureza/homework-rakamin-golang-sql/services/movies.go:52.2,53.16 2 1
github.com/agnynureza/homework-rakamin-golang-sql/services/movies.go:57.2,57.19 1 1
github.com/agnynureza/homework-rakamin-golang-sql/services/movies.go:47.16,49.3 1 0
github.com/agnynureza/homework-rakamin-golang-sql/services/movies.go:53.16,55.3 1 1
github.com/agnynureza/homework-rakamin-golang-sql/services/movies.go:60.56,62.16 2 1
github.com/agnynureza/homework-rakamin-golang-sql/services/movies.go:66.2,66.12 1 1
github.com/agnynureza/homework-rakamin-golang-sql/services/movies.go:62.16,64.3 1 1
github.com/agnynureza/homework-rakamin-golang-sql/repository/movies.go:13.57,17.2 1 1
github.com/agnynureza/homework-rakamin-golang-sql/repository/movies.go:26.75,28.16 2 1
github.com/agnynureza/homework-rakamin-golang-sql/repository/movies.go:31.2,31.22 1 1
github.com/agnynureza/homework-rakamin-golang-sql/repository/movies.go:28.16,30.3 1 0
github.com/agnynureza/homework-rakamin-golang-sql/repository/movies.go:34.76,39.16 4 1
github.com/agnynureza/homework-rakamin-golang-sql/repository/movies.go:43.2,43.19 1 1
github.com/agnynureza/homework-rakamin-golang-sql/repository/movies.go:39.16,41.3 1 0
github.com/agnynureza/homework-rakamin-golang-sql/repository/movies.go:46.83,49.16 3 1
github.com/agnynureza/homework-rakamin-golang-sql/repository/movies.go:53.2,53.12 1 1
github.com/agnynureza/homework-rakamin-golang-sql/repository/movies.go:49.16,51.3 1 0
github.com/agnynureza/homework-rakamin-golang-sql/repository/movies.go:56.59,59.25 3 1
github.com/agnynureza/homework-rakamin-golang-sql/repository/movies.go:63.2,63.30 1 1
github.com/agnynureza/homework-rakamin-golang-sql/repository/movies.go:67.2,67.12 1 1
github.com/agnynureza/homework-rakamin-golang-sql/repository/movies.go:59.25,61.3 1 0
github.com/agnynureza/homework-rakamin-golang-sql/repository/movies.go:63.30,65.3 1 0
