mode: set
github.com/agnynureza/homework-rakamin-golang-sql/services/movies.go:12.79,16.2 1 1
github.com/agnynureza/homework-rakamin-golang-sql/services/movies.go:25.86,27.16 2 1
github.com/agnynureza/homework-rakamin-golang-sql/services/movies.go:30.2,32.19 2 1
github.com/agnynureza/homework-rakamin-golang-sql/services/movies.go:27.16,29.3 1 1
github.com/agnynureza/homework-rakamin-golang-sql/services/movies.go:35.70,37.16 2 1
github.com/agnynureza/homework-rakamin-golang-sql/services/movies.go:41.2,41.19 1 1
github.com/agnynureza/homework-rakamin-golang-sql/services/movies.go:37.16,39.3 1 1
github.com/agnynureza/homework-rakamin-golang-sql/services/movies.go:44.107,47.16 2 1
github.com/agnynureza/homework-rakamin-golang-sql/services/movies.go:52.2,53.16 2 1
github.com/agnynureza/homework-rakamin-golang-sql/services/movies.go:57.2,57.19 1 1
github.com/agnynureza/homework-rakamin-golang-sql/services/movies.go:47.16,49.3 1 0
github.com/agnynureza/homework-rakamin-golang-sql/services/movies.go:53.16,55.3 1 1
github.com/agnynureza/homework-rakamin-golang-sql/services/movies.go:60.56,62.16 2 1
github.com/agnynureza/homework-rakamin-golang-sql/services/movies.go:66.2,66.12 1 1
github.com/agnynureza/homework-rakamin-golang-sql/services/movies.go:62.16,64.3 1 1
github.com/agnynureza/homework-rakamin-golang-sql/common/utils/utils.go:10.47,21.16 7 0
github.com/agnynureza/homework-rakamin-golang-sql/common/utils/utils.go:25.2,25.15 1 0
github.com/agnynureza/homework-rakamin-golang-sql/common/utils/utils.go:21.16,23.3 1 0
github.com/agnynureza/homework-rakamin-golang-sql/common/utils/validator.go:7.41,11.2 2 0
github.com/agnynureza/homework-rakamin-golang-sql/common/utils/validator.go:13.51,16.55 2 0
github.com/agnynureza/homework-rakamin-golang-sql/common/utils/validator.go:20.2,20.15 1 0
github.com/agnynureza/homework-rakamin-golang-sql/common/utils/validator.go:16.55,18.3 1 0
github.com/agnynureza/homework-rakamin-golang-sql/repository/movies.go:12.57,16.2 1 1
github.com/agnynureza/homework-rakamin-golang-sql/repository/movies.go:25.75,27.16 2 1
github.com/agnynureza/homework-rakamin-golang-sql/repository/movies.go:30.2,30.22 1 1
github.com/agnynureza/homework-rakamin-golang-sql/repository/movies.go:27.16,29.3 1 0
github.com/agnynureza/homework-rakamin-golang-sql/repository/movies.go:33.76,38.16 4 1
github.com/agnynureza/homework-rakamin-golang-sql/repository/movies.go:42.2,42.19 1 1
github.com/agnynureza/homework-rakamin-golang-sql/repository/movies.go:46.2,46.19 1 1
github.com/agnynureza/homework-rakamin-golang-sql/repository/movies.go:38.16,40.3 1 0
github.com/agnynureza/homework-rakamin-golang-sql/repository/movies.go:42.19,44.3 1 0
github.com/agnynureza/homework-rakamin-golang-sql/repository/movies.go:49.83,52.25 3 1
github.com/agnynureza/homework-rakamin-golang-sql/repository/movies.go:56.2,56.30 1 1
github.com/agnynureza/homework-rakamin-golang-sql/repository/movies.go:60.2,60.12 1 1
github.com/agnynureza/homework-rakamin-golang-sql/repository/movies.go:52.25,54.3 1 0
github.com/agnynureza/homework-rakamin-golang-sql/repository/movies.go:56.30,58.3 1 0
github.com/agnynureza/homework-rakamin-golang-sql/repository/movies.go:63.59,66.25 3 1
github.com/agnynureza/homework-rakamin-golang-sql/repository/movies.go:70.2,70.30 1 1
github.com/agnynureza/homework-rakamin-golang-sql/repository/movies.go:74.2,74.12 1 1
github.com/agnynureza/homework-rakamin-golang-sql/repository/movies.go:66.25,68.3 1 0
github.com/agnynureza/homework-rakamin-golang-sql/repository/movies.go:70.30,72.3 1 0
github.com/agnynureza/homework-rakamin-golang-sql/handlers/movies.go:18.82,22.2 1 1
github.com/agnynureza/homework-rakamin-golang-sql/handlers/movies.go:31.59,34.44 2 1
github.com/agnynureza/homework-rakamin-golang-sql/handlers/movies.go:41.2,42.47 2 1
github.com/agnynureza/homework-rakamin-golang-sql/handlers/movies.go:49.2,50.16 2 1
github.com/agnynureza/homework-rakamin-golang-sql/handlers/movies.go:57.2,61.4 1 1
github.com/agnynureza/homework-rakamin-golang-sql/handlers/movies.go:34.44,39.3 1 0
github.com/agnynureza/homework-rakamin-golang-sql/handlers/movies.go:42.47,47.3 1 1
github.com/agnynureza/homework-rakamin-golang-sql/handlers/movies.go:50.16,55.3 1 1
github.com/agnynureza/homework-rakamin-golang-sql/handlers/movies.go:64.60,67.16 3 1
github.com/agnynureza/homework-rakamin-golang-sql/handlers/movies.go:81.2,85.4 1 1
github.com/agnynureza/homework-rakamin-golang-sql/handlers/movies.go:67.16,68.45 1 1
github.com/agnynureza/homework-rakamin-golang-sql/handlers/movies.go:75.3,78.5 1 1
github.com/agnynureza/homework-rakamin-golang-sql/handlers/movies.go:68.45,73.4 1 1
github.com/agnynureza/homework-rakamin-golang-sql/handlers/movies.go:88.54,93.44 4 1
github.com/agnynureza/homework-rakamin-golang-sql/handlers/movies.go:99.2,100.47 2 1
github.com/agnynureza/homework-rakamin-golang-sql/handlers/movies.go:107.2,108.16 2 1
github.com/agnynureza/homework-rakamin-golang-sql/handlers/movies.go:129.2,133.4 1 1
github.com/agnynureza/homework-rakamin-golang-sql/handlers/movies.go:93.44,98.3 1 0
github.com/agnynureza/homework-rakamin-golang-sql/handlers/movies.go:100.47,105.3 1 1
github.com/agnynureza/homework-rakamin-golang-sql/handlers/movies.go:108.16,109.59 1 1
github.com/agnynureza/homework-rakamin-golang-sql/handlers/movies.go:116.3,116.45 1 1
github.com/agnynureza/homework-rakamin-golang-sql/handlers/movies.go:123.3,126.5 1 1
github.com/agnynureza/homework-rakamin-golang-sql/handlers/movies.go:109.59,114.4 1 0
github.com/agnynureza/homework-rakamin-golang-sql/handlers/movies.go:116.45,121.4 1 0
github.com/agnynureza/homework-rakamin-golang-sql/handlers/movies.go:136.63,139.16 3 1
github.com/agnynureza/homework-rakamin-golang-sql/handlers/movies.go:152.2,155.4 1 1
github.com/agnynureza/homework-rakamin-golang-sql/handlers/movies.go:139.16,140.45 1 1
github.com/agnynureza/homework-rakamin-golang-sql/handlers/movies.go:146.3,149.5 1 1
github.com/agnynureza/homework-rakamin-golang-sql/handlers/movies.go:140.45,145.4 1 1
github.com/agnynureza/homework-rakamin-golang-sql/handlers/token.go:14.62,16.16 2 1
github.com/agnynureza/homework-rakamin-golang-sql/handlers/token.go:23.2,27.4 1 1
github.com/agnynureza/homework-rakamin-golang-sql/handlers/token.go:16.16,21.3 1 0
